# Logfile created on Wed Dec 30 20:47:27 +0700 2009 by /
Will use local index.
using index in E:/usr/src/ruby-space/rails_apps/afterclassroom/index/development/post
[post] rebuild index with models: []
[post] reopening index at E:/usr/src/ruby-space/rails_apps/afterclassroom/index/development/post
[post] register class Post with index post
[post] default field list for index post: [:title, :description]
Will use local index.
Will use local index.
Will use local index.
using index in E:/usr/src/ruby-space/rails_apps/afterclassroom/index/development/post
[post] register class Post with index post
[post] default field list for index post: [:title, :description]
Will use local index.
using index in E:/usr/src/ruby-space/rails_apps/afterclassroom/index/development/post
[post] register class Post with index post
[post] default field list for index post: [:title, :description]
Will use local index.
using index in E:/usr/src/ruby-space/rails_apps/afterclassroom/index/development/post
[post] register class Post with index post
[post] default field list for index post: [:title, :description]
Will use local index.
using index in E:/usr/src/ruby-space/rails_apps/afterclassroom/index/development/post
[post] register class Post with index post
[post] default field list for index post: [:title, :description]
Will use local index.
using index in E:/usr/src/ruby-space/rails_apps/afterclassroom/index/development/post
[post] register class Post with index post
[post] default field list for index post: [:title, :description]
Will use local index.
using index in E:/usr/src/ruby-space/rails_apps/afterclassroom/index/development/post
[post] register class Post with index post
[post] default field list for index post: [:title, :description]
