Starting the New Relic Agent.
NewRelic Agent Developer Mode enabled.
To view performance information, go to http://localhost:3000/newrelic
New Relic RPM Agent 2.10.6 Initialized: pid = 3268
Agent Log found in E:/usr/src/ruby-space/rails_apps/afterclassroom/log/newrelic_agent.log
  [4;36;1mSQL (0.000000)[0m   [0;1mSET NAMES 'utf8'[0m
  [4;35;1mSQL (0.000000)[0m   [0mSET SQL_AUTO_IS_NULL=0[0m
  [4;36;1mSQL (0.000000)[0m   [0;1mSHOW TABLES[0m
  [4;35;1mSQL (0.015000)[0m   [0mSELECT version FROM schema_migrations[0m


Processing SettingsController#setting (for 127.0.0.1 at 2010-04-05 05:30:13) [GET]
  Session ID: 499830a6bba5cd842a667976467e0d70
  Parameters: {"action"=>"setting", "controller"=>"settings"}
  [4;36;1mSQL (0.000000)[0m   [0;1mBEGIN[0m
  [4;35;1mCGI::Session::ActiveRecordStore::Session Create (0.000000)[0m   [0mINSERT INTO `sessions` (`updated_at`, `session_id`, `last_url_visited`, `user_id`, `data`, `created_at`) VALUES('2010-04-04 22:30:14', '499830a6bba5cd842a667976467e0d70', NULL, NULL, 'BAh7BzoRZ2VvX2xvY2F0aW9uMCIKZmxhc2hJQzonQWN0aW9uQ29udHJvbGxl\ncjo6Rmxhc2g6OkZsYXNoSGFzaHsABjoKQHVzZWR7AA==\n', '2010-04-04 22:30:14')[0m
  [4;36;1mSQL (0.031000)[0m   [0;1mCOMMIT[0m
  [4;35;1mSQL (0.000000)[0m   [0mBEGIN[0m
  [4;36;1mCGI::Session::ActiveRecordStore::Session Update (0.000000)[0m   [0;1mUPDATE `sessions` SET `last_url_visited` = 'http://localhost:3000/settings/setting', `updated_at` = '2010-04-04 22:30:14' WHERE `id` = 25[0m
  [4;35;1mSQL (0.031000)[0m   [0mCOMMIT[0m
Redirected to http://localhost:3000/session/new
Filter chain halted as [:login_required] rendered_or_redirected.
Completed in 1.13900 (0 reqs/sec) | DB: 0.09300 (8%) | 302 Found [http://localhost/settings/setting]
Rendered _box_includes (0.00000)
Rendered _box_header (0.00000)
Rendered _box_disabled (0.00000)
Rendered _box (0.03100)


Processing SessionsController#new (for 127.0.0.1 at 2010-04-05 05:30:16) [GET]
  Session ID: 499830a6bba5cd842a667976467e0d70
  Parameters: {"action"=>"new", "controller"=>"sessions"}
  [4;36;1mSQL (0.000000)[0m   [0;1mBEGIN[0m
  [4;35;1mSQL (0.000000)[0m   [0mCOMMIT[0m
  [4;36;1mSQL (0.000000)[0m   [0;1mBEGIN[0m
  [4;35;1mCGI::Session::ActiveRecordStore::Session Update (0.000000)[0m   [0mUPDATE `sessions` SET `last_url_visited` = 'http://localhost:3000/session/new', `updated_at` = '2010-04-04 22:30:16' WHERE `id` = 25[0m
  [4;36;1mSQL (0.031000)[0m   [0;1mCOMMIT[0m
Rendering template within layouts/application
Rendering sessions/new
Rendered sessions/_welcome (0.00000)
Rendered sessions/_benefit (0.00000)
Rendered shared/_login (0.01600)
Rendered shared/_menu_main (0.15600)
  [4;35;1mPostCategory Columns (0.031000)[0m   [0mSHOW FIELDS FROM `post_categories`[0m
  [4;36;1mPostCategory Load (0.000000)[0m   [0;1mSELECT SQL_NO_CACHE * FROM `post_categories` WHERE (`post_categories`.`class_name` = 'PostAssignment') LIMIT 1[0m
  [4;35;1mPostCategory Load (0.000000)[0m   [0mSELECT SQL_NO_CACHE * FROM `post_categories` [0m
Rendered shared/_search_posts (0.00000)
Rendered shared/_footer (0.00000)
Completed in 0.89000 (1 reqs/sec) | Rendering: 0.25000 (28%) | DB: 0.12400 (13%) | 200 OK [http://localhost/session/new]
Rendered _box_includes (0.00000)
Rendered _box_header (0.00000)
Rendered _box_disabled (0.00000)
Rendered _box (0.00000)


Processing ApplicationController#index (for 127.0.0.1 at 2010-04-05 05:30:23) [GET]
  Session ID: 499830a6bba5cd842a667976467e0d70
  Parameters: {}


ActionController::RoutingError (No route matches "/session/pictures/pic6.png" with {:method=>:get}):
    /vendor/rails/actionpack/lib/action_controller/routing/recognition_optimisation.rb:67:in `recognize_path'
    /vendor/rails/actionpack/lib/action_controller/routing/route_set.rb:384:in `recognize'
    /vendor/rails/actionpack/lib/action_controller/dispatcher.rb:148:in `handle_request'
    /vendor/rails/actionpack/lib/action_controller/dispatcher.rb:107:in `dispatch'
    /vendor/rails/actionpack/lib/action_controller/dispatcher.rb:104:in `synchronize'
    /vendor/rails/actionpack/lib/action_controller/dispatcher.rb:104:in `dispatch'
    /vendor/rails/actionpack/lib/action_controller/dispatcher.rb:120:in `dispatch_cgi'
    /vendor/rails/actionpack/lib/action_controller/dispatcher.rb:35:in `dispatch'
    E:/usr/src/ruby-space/ruby/lib/ruby/gems/1.8/gems/mongrel-1.1.5-x86-mswin32-60/bin/../lib/mongrel/rails.rb:76:in `process'
    E:/usr/src/ruby-space/ruby/lib/ruby/gems/1.8/gems/mongrel-1.1.5-x86-mswin32-60/bin/../lib/mongrel/rails.rb:74:in `synchronize'
    E:/usr/src/ruby-space/ruby/lib/ruby/gems/1.8/gems/mongrel-1.1.5-x86-mswin32-60/bin/../lib/mongrel/rails.rb:74:in `process'
    E:/usr/src/ruby-space/ruby/lib/ruby/gems/1.8/gems/mongrel-1.1.5-x86-mswin32-60/lib/mongrel.rb:159:in `process_client'
    E:/usr/src/ruby-space/ruby/lib/ruby/gems/1.8/gems/mongrel-1.1.5-x86-mswin32-60/lib/mongrel.rb:158:in `each'
    E:/usr/src/ruby-space/ruby/lib/ruby/gems/1.8/gems/mongrel-1.1.5-x86-mswin32-60/lib/mongrel.rb:158:in `process_client'
    E:/usr/src/ruby-space/ruby/lib/ruby/gems/1.8/gems/mongrel-1.1.5-x86-mswin32-60/lib/mongrel.rb:285:in `run'
    E:/usr/src/ruby-space/ruby/lib/ruby/gems/1.8/gems/mongrel-1.1.5-x86-mswin32-60/lib/mongrel.rb:285:in `initialize'
    E:/usr/src/ruby-space/ruby/lib/ruby/gems/1.8/gems/mongrel-1.1.5-x86-mswin32-60/lib/mongrel.rb:285:in `new'
    E:/usr/src/ruby-space/ruby/lib/ruby/gems/1.8/gems/mongrel-1.1.5-x86-mswin32-60/lib/mongrel.rb:285:in `run'
    E:/usr/src/ruby-space/ruby/lib/ruby/gems/1.8/gems/mongrel-1.1.5-x86-mswin32-60/lib/mongrel.rb:268:in `initialize'
    E:/usr/src/ruby-space/ruby/lib/ruby/gems/1.8/gems/mongrel-1.1.5-x86-mswin32-60/lib/mongrel.rb:268:in `new'
    E:/usr/src/ruby-space/ruby/lib/ruby/gems/1.8/gems/mongrel-1.1.5-x86-mswin32-60/lib/mongrel.rb:268:in `run'
    E:/usr/src/ruby-space/ruby/lib/ruby/gems/1.8/gems/mongrel-1.1.5-x86-mswin32-60/lib/mongrel/configurator.rb:282:in `run'
    E:/usr/src/ruby-space/ruby/lib/ruby/gems/1.8/gems/mongrel-1.1.5-x86-mswin32-60/lib/mongrel/configurator.rb:281:in `each'
    E:/usr/src/ruby-space/ruby/lib/ruby/gems/1.8/gems/mongrel-1.1.5-x86-mswin32-60/lib/mongrel/configurator.rb:281:in `run'
    E:/usr/src/ruby-space/ruby/lib/ruby/gems/1.8/gems/mongrel-1.1.5-x86-mswin32-60/bin/mongrel_rails:128:in `run'
    E:/usr/src/ruby-space/ruby/lib/ruby/gems/1.8/gems/mongrel-1.1.5-x86-mswin32-60/lib/mongrel/command.rb:212:in `run'
    E:/usr/src/ruby-space/ruby/lib/ruby/gems/1.8/gems/mongrel-1.1.5-x86-mswin32-60/bin/mongrel_rails:281
    /vendor/rails/activesupport/lib/active_support/dependencies.rb:503:in `load'
    /vendor/rails/activesupport/lib/active_support/dependencies.rb:503:in `load'
    /vendor/rails/activesupport/lib/active_support/dependencies.rb:355:in `new_constants_in'
    /vendor/rails/activesupport/lib/active_support/dependencies.rb:503:in `load'
    /vendor/rails/railties/lib/commands/servers/mongrel.rb:64
    E:/usr/src/ruby-space/ruby/lib/ruby/site_ruby/1.8/rubygems/custom_require.rb:31:in `gem_original_require'
    E:/usr/src/ruby-space/ruby/lib/ruby/site_ruby/1.8/rubygems/custom_require.rb:31:in `require'
    /vendor/rails/activesupport/lib/active_support/dependencies.rb:510:in `require'
    /vendor/rails/activesupport/lib/active_support/dependencies.rb:355:in `new_constants_in'
    /vendor/rails/activesupport/lib/active_support/dependencies.rb:510:in `require'
    /vendor/rails/railties/lib/commands/server.rb:39
    script/server:3:in `require'
    script/server:3

Rendering E:/usr/src/ruby-space/rails_apps/afterclassroom/vendor/rails/actionpack/lib/action_controller/templates/rescues/layout.erb (not_found)


Processing SessionsController#create (for 127.0.0.1 at 2010-04-05 05:30:26) [POST]
  Session ID: 499830a6bba5cd842a667976467e0d70
  Parameters: {"action"=>"create", "authenticity_token"=>"4c611e363c2abc5746208057b48151593ed07e5a", "controller"=>"sessions", "password"=>"[FILTERED]", "email"=>"michael@example.com"}
  [4;36;1mSQL (0.000000)[0m   [0;1mBEGIN[0m
  [4;35;1mSQL (0.000000)[0m   [0mCOMMIT[0m
  [4;36;1mSQL (0.000000)[0m   [0;1mBEGIN[0m
  [4;35;1mCGI::Session::ActiveRecordStore::Session Update (0.000000)[0m   [0mUPDATE `sessions` SET `last_url_visited` = 'http://localhost:3000/session', `updated_at` = '2010-04-04 22:30:26' WHERE `id` = 25[0m
  [4;36;1mSQL (0.031000)[0m   [0;1mCOMMIT[0m
Cookie set: auth_token=; path=/; expires=Thu, 01 Jan 1970 00:00:00 GMT
  [4;35;1mUser Load (0.031000)[0m   [0mSELECT SQL_NO_CACHE * FROM `users` WHERE (`users`.`email` = 'michael@example.com') AND (users.state = 'active') LIMIT 1[0m
  [4;36;1mUser Columns (0.000000)[0m   [0;1mSHOW FIELDS FROM `users`[0m
  [4;35;1mSQL (0.000000)[0m   [0mBEGIN[0m
  [4;36;1mSQL (0.000000)[0m   [0;1mCOMMIT[0m
Cookie set: auth_token=; path=/
Redirected to http://localhost:3000/settings/setting
  [4;35;1mSchool Columns (0.016000)[0m   [0mSHOW FIELDS FROM `schools`[0m
  [4;36;1mSchool Load (0.015000)[0m   [0;1mSELECT SQL_NO_CACHE * FROM `schools` WHERE (`schools`.`id` = 478) [0m
Completed in 0.76400 (1 reqs/sec) | DB: 0.09300 (12%) | 302 Found [http://localhost/session]
Rendered _box_includes (0.00000)
Rendered _box_header (0.00000)
Rendered _box_disabled (0.00000)
Rendered _box (0.00000)


Processing SettingsController#setting (for 127.0.0.1 at 2010-04-05 05:30:28) [GET]
  Session ID: 499830a6bba5cd842a667976467e0d70
  Parameters: {"action"=>"setting", "controller"=>"settings"}
  [4;35;1mSQL (0.000000)[0m   [0mBEGIN[0m
  [4;36;1mCGI::Session::ActiveRecordStore::Session Update (0.000000)[0m   [0;1mUPDATE `sessions` SET `data` = 'BAh7CjoOcmV0dXJuX3RvMDoQeW91cl9zY2hvb2xpAt4BOhFnZW9fbG9jYXRp\nb24wIgpmbGFzaElDOidBY3Rpb25Db250cm9sbGVyOjpGbGFzaDo6Rmxhc2hI\nYXNoewY6C25vdGljZSIbTG9nZ2VkIGluIHN1Y2Nlc3NmdWxseQY6CkB1c2Vk\newY7CVQ6DHVzZXJfaWRpCg==\n', `user_id` = 5, `updated_at` = '2010-04-04 22:30:28' WHERE `id` = 25[0m
  [4;35;1mSQL (0.031000)[0m   [0mCOMMIT[0m
  [4;36;1mSQL (0.000000)[0m   [0;1mBEGIN[0m
  [4;35;1mCGI::Session::ActiveRecordStore::Session Update (0.000000)[0m   [0mUPDATE `sessions` SET `last_url_visited` = 'http://localhost:3000/settings/setting', `updated_at` = '2010-04-04 22:30:28' WHERE `id` = 25[0m
  [4;36;1mSQL (0.031000)[0m   [0;1mCOMMIT[0m
  [4;35;1mUser Columns (0.016000)[0m   [0mSHOW FIELDS FROM `users`[0m
  [4;36;1mUser Load (0.000000)[0m   [0;1mSELECT SQL_NO_CACHE * FROM `users` WHERE (`users`.`id` = 5) LIMIT 1[0m
Rendering template within layouts/application
Rendering settings/setting
Rendered shared/_login (0.00000)
Rendered shared/_menu_main (0.00000)
  [4;35;1mPostCategory Columns (0.000000)[0m   [0mSHOW FIELDS FROM `post_categories`[0m
  [4;36;1mPostCategory Load (0.000000)[0m   [0;1mSELECT SQL_NO_CACHE * FROM `post_categories` WHERE (`post_categories`.`class_name` = 'PostAssignment') LIMIT 1[0m
  [4;35;1mPostCategory Load (0.000000)[0m   [0mSELECT SQL_NO_CACHE * FROM `post_categories` [0m
Rendered shared/_search_posts (0.00000)
Rendered shared/_footer (0.00000)
Completed in 0.76400 (1 reqs/sec) | Rendering: 0.07800 (10%) | DB: 0.10900 (14%) | 200 OK [http://localhost/settings/setting]
Rendered _box_includes (0.00000)
Rendered _box_header (0.00000)
Rendered _box_disabled (0.00000)
Rendered _box (0.01600)


Processing SettingsController#changepsw (for 127.0.0.1 at 2010-04-05 05:30:52) [GET]
  Session ID: 499830a6bba5cd842a667976467e0d70
  Parameters: {"typeOfChange"=>"psw", "action"=>"changepsw", "controller"=>"settings", "height"=>"300", "random"=>"1270420251560", "width"=>"400"}
  [4;36;1mSQL (0.000000)[0m   [0;1mBEGIN[0m
  [4;35;1mCGI::Session::ActiveRecordStore::Session Update (0.000000)[0m   [0mUPDATE `sessions` SET `data` = 'BAh7CjoOcmV0dXJuX3RvMDoQeW91cl9zY2hvb2xpAt4BOhFnZW9fbG9jYXRp\nb24wOgx1c2VyX2lkaQoiCmZsYXNoSUM6J0FjdGlvbkNvbnRyb2xsZXI6OkZs\nYXNoOjpGbGFzaEhhc2h7AAY6CkB1c2VkewA=\n', `updated_at` = '2010-04-04 22:30:53' WHERE `id` = 25[0m
  [4;36;1mSQL (0.032000)[0m   [0;1mCOMMIT[0m
  [4;35;1mSQL (0.000000)[0m   [0mBEGIN[0m
  [4;36;1mCGI::Session::ActiveRecordStore::Session Update (0.000000)[0m   [0;1mUPDATE `sessions` SET `last_url_visited` = 'http://localhost:3000/settings/changepsw?height=300&width=400&typeOfChange=psw&random=1270420251560', `updated_at` = '2010-04-04 22:30:53' WHERE `id` = 25[0m
  [4;35;1mSQL (0.031000)[0m   [0mCOMMIT[0m
  [4;36;1mUser Columns (0.000000)[0m   [0;1mSHOW FIELDS FROM `users`[0m
  [4;35;1mUser Load (0.000000)[0m   [0mSELECT SQL_NO_CACHE * FROM `users` WHERE (`users`.`id` = 5) LIMIT 1[0m
Rendering template within layouts/application
Rendering settings/changepsw
Rendered shared/_login (0.03100)
Rendered shared/_menu_main (0.00000)
  [4;36;1mPostCategory Columns (0.000000)[0m   [0;1mSHOW FIELDS FROM `post_categories`[0m
  [4;35;1mPostCategory Load (0.000000)[0m   [0mSELECT SQL_NO_CACHE * FROM `post_categories` WHERE (`post_categories`.`class_name` = 'PostAssignment') LIMIT 1[0m
  [4;36;1mPostCategory Load (0.000000)[0m   [0;1mSELECT SQL_NO_CACHE * FROM `post_categories` [0m
Rendered shared/_search_posts (0.01600)
Rendered shared/_footer (0.00000)
Completed in 0.90500 (1 reqs/sec) | Rendering: 0.09400 (10%) | DB: 0.06300 (6%) | 200 OK [http://localhost/settings/changepsw?height=300&width=400&typeOfChange=psw&random=1270420251560]


Processing SettingsController#setting (for 127.0.0.1 at 2010-04-05 05:32:06) [GET]
  Session ID: 499830a6bba5cd842a667976467e0d70
  Parameters: {"action"=>"setting", "controller"=>"settings"}
  [4;35;1mSQL (0.000000)[0m   [0mBEGIN[0m
  [4;36;1mCGI::Session::ActiveRecordStore::Session Update (0.000000)[0m   [0;1mUPDATE `sessions` SET `data` = 'BAh7CjoOcmV0dXJuX3RvMDoQeW91cl9zY2hvb2xpAt4BOhFnZW9fbG9jYXRp\nb24wIgpmbGFzaElDOidBY3Rpb25Db250cm9sbGVyOjpGbGFzaDo6Rmxhc2hI\nYXNoewAGOgpAdXNlZHsAOgx1c2VyX2lkaQo=\n', `updated_at` = '2010-04-04 22:32:07' WHERE `id` = 25[0m
  [4;35;1mSQL (0.031000)[0m   [0mCOMMIT[0m
  [4;36;1mSQL (0.000000)[0m   [0;1mBEGIN[0m
  [4;35;1mCGI::Session::ActiveRecordStore::Session Update (0.000000)[0m   [0mUPDATE `sessions` SET `last_url_visited` = 'http://localhost:3000/settings/setting', `updated_at` = '2010-04-04 22:32:07' WHERE `id` = 25[0m
  [4;36;1mSQL (0.031000)[0m   [0;1mCOMMIT[0m
  [4;35;1mUser Columns (0.016000)[0m   [0mSHOW FIELDS FROM `users`[0m
  [4;36;1mUser Load (0.000000)[0m   [0;1mSELECT SQL_NO_CACHE * FROM `users` WHERE (`users`.`id` = 5) LIMIT 1[0m
Rendering template within layouts/application
Rendering settings/setting
Rendered shared/_login (0.00000)
Rendered shared/_menu_main (0.00000)
  [4;35;1mPostCategory Columns (0.000000)[0m   [0mSHOW FIELDS FROM `post_categories`[0m
  [4;36;1mPostCategory Load (0.000000)[0m   [0;1mSELECT SQL_NO_CACHE * FROM `post_categories` WHERE (`post_categories`.`class_name` = 'PostAssignment') LIMIT 1[0m
  [4;35;1mPostCategory Load (0.000000)[0m   [0mSELECT SQL_NO_CACHE * FROM `post_categories` [0m
Rendered shared/_search_posts (0.00000)
Rendered shared/_footer (0.00000)
Completed in 0.73300 (1 reqs/sec) | Rendering: 0.07800 (10%) | DB: 0.07800 (10%) | 200 OK [http://localhost/settings/setting]
Rendered _box_includes (0.00000)
Rendered _box_header (0.00000)
Rendered _box_disabled (0.00000)
Rendered _box (0.00000)


Processing SettingsController#setting (for 127.0.0.1 at 2010-04-05 05:35:08) [GET]
  Session ID: 499830a6bba5cd842a667976467e0d70
  Parameters: {"action"=>"setting", "controller"=>"settings"}
  [4;36;1mSQL (0.000000)[0m   [0;1mBEGIN[0m
  [4;35;1mCGI::Session::ActiveRecordStore::Session Update (0.000000)[0m   [0mUPDATE `sessions` SET `data` = 'BAh7CjoOcmV0dXJuX3RvMDoQeW91cl9zY2hvb2xpAt4BOhFnZW9fbG9jYXRp\nb24wOgx1c2VyX2lkaQoiCmZsYXNoSUM6J0FjdGlvbkNvbnRyb2xsZXI6OkZs\nYXNoOjpGbGFzaEhhc2h7AAY6CkB1c2VkewA=\n', `updated_at` = '2010-04-04 22:35:09' WHERE `id` = 25[0m
  [4;36;1mSQL (0.032000)[0m   [0;1mCOMMIT[0m
  [4;35;1mSQL (0.000000)[0m   [0mBEGIN[0m
  [4;36;1mSQL (0.000000)[0m   [0;1mCOMMIT[0m
  [4;35;1mUser Columns (0.000000)[0m   [0mSHOW FIELDS FROM `users`[0m
  [4;36;1mUser Load (0.000000)[0m   [0;1mSELECT SQL_NO_CACHE * FROM `users` WHERE (`users`.`id` = 5) LIMIT 1[0m
Rendering template within layouts/application
Rendering settings/setting
Rendered shared/_login (0.00000)
Rendered shared/_menu_main (0.00000)
  [4;35;1mPostCategory Columns (0.000000)[0m   [0mSHOW FIELDS FROM `post_categories`[0m
  [4;36;1mPostCategory Load (0.000000)[0m   [0;1mSELECT SQL_NO_CACHE * FROM `post_categories` WHERE (`post_categories`.`class_name` = 'PostAssignment') LIMIT 1[0m
  [4;35;1mPostCategory Load (0.000000)[0m   [0mSELECT SQL_NO_CACHE * FROM `post_categories` [0m
Rendered shared/_search_posts (0.00000)
Rendered shared/_footer (0.00000)
Completed in 0.71700 (1 reqs/sec) | Rendering: 0.06200 (8%) | DB: 0.03200 (4%) | 200 OK [http://localhost/settings/setting]
Rendered _box_includes (0.00000)
Rendered _box_header (0.00000)
Rendered _box_disabled (0.00000)
Rendered _box (0.00000)


Processing SettingsController#setting (for 127.0.0.1 at 2010-04-05 05:36:26) [GET]
  Session ID: 499830a6bba5cd842a667976467e0d70
  Parameters: {"action"=>"setting", "controller"=>"settings"}
  [4;36;1mSQL (0.000000)[0m   [0;1mBEGIN[0m
  [4;35;1mCGI::Session::ActiveRecordStore::Session Update (0.000000)[0m   [0mUPDATE `sessions` SET `data` = 'BAh7CjoOcmV0dXJuX3RvMDoQeW91cl9zY2hvb2xpAt4BOhFnZW9fbG9jYXRp\nb24wIgpmbGFzaElDOidBY3Rpb25Db250cm9sbGVyOjpGbGFzaDo6Rmxhc2hI\nYXNoewAGOgpAdXNlZHsAOgx1c2VyX2lkaQo=\n', `updated_at` = '2010-04-04 22:36:27' WHERE `id` = 25[0m
  [4;36;1mSQL (0.032000)[0m   [0;1mCOMMIT[0m
  [4;35;1mSQL (0.000000)[0m   [0mBEGIN[0m
  [4;36;1mSQL (0.000000)[0m   [0;1mCOMMIT[0m
  [4;35;1mUser Columns (0.000000)[0m   [0mSHOW FIELDS FROM `users`[0m
  [4;36;1mUser Load (0.000000)[0m   [0;1mSELECT SQL_NO_CACHE * FROM `users` WHERE (`users`.`id` = 5) LIMIT 1[0m
Rendering template within layouts/application
Rendering settings/setting
Rendered shared/_login (0.00000)
Rendered shared/_menu_main (0.00000)
  [4;35;1mPostCategory Columns (0.000000)[0m   [0mSHOW FIELDS FROM `post_categories`[0m
  [4;36;1mPostCategory Load (0.000000)[0m   [0;1mSELECT SQL_NO_CACHE * FROM `post_categories` WHERE (`post_categories`.`class_name` = 'PostAssignment') LIMIT 1[0m
  [4;35;1mPostCategory Load (0.000000)[0m   [0mSELECT SQL_NO_CACHE * FROM `post_categories` [0m
Rendered shared/_search_posts (0.00000)
Rendered shared/_footer (0.00000)
Completed in 0.82700 (1 reqs/sec) | Rendering: 0.18700 (22%) | DB: 0.03200 (3%) | 200 OK [http://localhost/settings/setting]
Rendered _box_includes (0.00000)
Rendered _box_header (0.00000)
Rendered _box_disabled (0.00000)
Rendered _box (0.01600)


Processing SettingsController#changepsw (for 127.0.0.1 at 2010-04-05 05:36:49) [GET]
  Session ID: 499830a6bba5cd842a667976467e0d70
  Parameters: {"typeOfChange"=>"psw", "action"=>"changepsw", "controller"=>"settings", "height"=>"300", "random"=>"1270420608082", "width"=>"400"}
  [4;36;1mSQL (0.000000)[0m   [0;1mBEGIN[0m
  [4;35;1mCGI::Session::ActiveRecordStore::Session Update (0.000000)[0m   [0mUPDATE `sessions` SET `data` = 'BAh7CjoOcmV0dXJuX3RvMDoQeW91cl9zY2hvb2xpAt4BOhFnZW9fbG9jYXRp\nb24wOgx1c2VyX2lkaQoiCmZsYXNoSUM6J0FjdGlvbkNvbnRyb2xsZXI6OkZs\nYXNoOjpGbGFzaEhhc2h7AAY6CkB1c2VkewA=\n', `updated_at` = '2010-04-04 22:36:50' WHERE `id` = 25[0m
  [4;36;1mSQL (0.031000)[0m   [0;1mCOMMIT[0m
  [4;35;1mSQL (0.000000)[0m   [0mBEGIN[0m
  [4;36;1mCGI::Session::ActiveRecordStore::Session Update (0.000000)[0m   [0;1mUPDATE `sessions` SET `last_url_visited` = 'http://localhost:3000/settings/changepsw?height=300&width=400&typeOfChange=psw&random=1270420608082', `updated_at` = '2010-04-04 22:36:50' WHERE `id` = 25[0m
  [4;35;1mSQL (0.032000)[0m   [0mCOMMIT[0m
  [4;36;1mUser Columns (0.015000)[0m   [0;1mSHOW FIELDS FROM `users`[0m
  [4;35;1mUser Load (0.000000)[0m   [0mSELECT SQL_NO_CACHE * FROM `users` WHERE (`users`.`id` = 5) LIMIT 1[0m
Rendering settings/changepsw
Completed in 0.71800 (1 reqs/sec) | Rendering: 0.01600 (2%) | DB: 0.07800 (10%) | 200 OK [http://localhost/settings/changepsw?height=300&width=400&typeOfChange=psw&random=1270420608082]


Processing SettingsController#setting (for 127.0.0.1 at 2010-04-05 05:39:28) [GET]
  Session ID: 499830a6bba5cd842a667976467e0d70
  Parameters: {"action"=>"setting", "controller"=>"settings"}
  [4;36;1mSQL (0.000000)[0m   [0;1mBEGIN[0m
  [4;35;1mCGI::Session::ActiveRecordStore::Session Update (0.000000)[0m   [0mUPDATE `sessions` SET `data` = 'BAh7CjoOcmV0dXJuX3RvMDoQeW91cl9zY2hvb2xpAt4BOhFnZW9fbG9jYXRp\nb24wIgpmbGFzaElDOidBY3Rpb25Db250cm9sbGVyOjpGbGFzaDo6Rmxhc2hI\nYXNoewAGOgpAdXNlZHsAOgx1c2VyX2lkaQo=\n', `updated_at` = '2010-04-04 22:39:28' WHERE `id` = 25[0m
  [4;36;1mSQL (0.047000)[0m   [0;1mCOMMIT[0m
  [4;35;1mSQL (0.000000)[0m   [0mBEGIN[0m
  [4;36;1mCGI::Session::ActiveRecordStore::Session Update (0.016000)[0m   [0;1mUPDATE `sessions` SET `last_url_visited` = 'http://localhost:3000/settings/setting', `updated_at` = '2010-04-04 22:39:28' WHERE `id` = 25[0m
  [4;35;1mSQL (0.031000)[0m   [0mCOMMIT[0m
  [4;36;1mUser Columns (0.016000)[0m   [0;1mSHOW FIELDS FROM `users`[0m
  [4;35;1mUser Load (0.000000)[0m   [0mSELECT SQL_NO_CACHE * FROM `users` WHERE (`users`.`id` = 5) LIMIT 1[0m
Rendering template within layouts/application
Rendering settings/setting
Rendered shared/_login (0.00000)
Rendered shared/_menu_main (0.01600)
  [4;36;1mPostCategory Columns (0.000000)[0m   [0;1mSHOW FIELDS FROM `post_categories`[0m
  [4;35;1mPostCategory Load (0.000000)[0m   [0mSELECT SQL_NO_CACHE * FROM `post_categories` WHERE (`post_categories`.`class_name` = 'PostAssignment') LIMIT 1[0m
  [4;36;1mPostCategory Load (0.000000)[0m   [0;1mSELECT SQL_NO_CACHE * FROM `post_categories` [0m
Rendered shared/_search_posts (0.00000)
Rendered shared/_footer (0.00000)
Completed in 0.78000 (1 reqs/sec) | Rendering: 0.06200 (7%) | DB: 0.11000 (14%) | 200 OK [http://localhost/settings/setting]
Rendered _box_includes (0.00000)
Rendered _box_header (0.00000)
Rendered _box_disabled (0.00000)
Rendered _box (0.00000)


Processing SettingsController#changepsw (for 127.0.0.1 at 2010-04-05 05:39:46) [GET]
  Session ID: 499830a6bba5cd842a667976467e0d70
  Parameters: {"typeOfChange"=>"psw", "action"=>"changepsw", "controller"=>"settings", "height"=>"300", "random"=>"1270420785385", "width"=>"400"}
  [4;35;1mSQL (0.015000)[0m   [0mBEGIN[0m
  [4;36;1mCGI::Session::ActiveRecordStore::Session Update (0.000000)[0m   [0;1mUPDATE `sessions` SET `data` = 'BAh7CjoOcmV0dXJuX3RvMDoQeW91cl9zY2hvb2xpAt4BOhFnZW9fbG9jYXRp\nb24wOgx1c2VyX2lkaQoiCmZsYXNoSUM6J0FjdGlvbkNvbnRyb2xsZXI6OkZs\nYXNoOjpGbGFzaEhhc2h7AAY6CkB1c2VkewA=\n', `updated_at` = '2010-04-04 22:39:47' WHERE `id` = 25[0m
  [4;35;1mSQL (0.031000)[0m   [0mCOMMIT[0m
  [4;36;1mSQL (0.000000)[0m   [0;1mBEGIN[0m
  [4;35;1mCGI::Session::ActiveRecordStore::Session Update (0.000000)[0m   [0mUPDATE `sessions` SET `last_url_visited` = 'http://localhost:3000/settings/changepsw?height=300&width=400&typeOfChange=psw&random=1270420785385', `updated_at` = '2010-04-04 22:39:47' WHERE `id` = 25[0m
  [4;36;1mSQL (0.047000)[0m   [0;1mCOMMIT[0m
  [4;35;1mUser Columns (0.000000)[0m   [0mSHOW FIELDS FROM `users`[0m
  [4;36;1mUser Load (0.000000)[0m   [0;1mSELECT SQL_NO_CACHE * FROM `users` WHERE (`users`.`id` = 5) LIMIT 1[0m
Rendering settings/changepsw
Completed in 0.68700 (1 reqs/sec) | Rendering: 0.00000 (0%) | DB: 0.09300 (13%) | 200 OK [http://localhost/settings/changepsw?height=300&width=400&typeOfChange=psw&random=1270420785385]


Processing SettingsController#savepsw (for 127.0.0.1 at 2010-04-05 05:40:01) [GET]
  Session ID: 499830a6bba5cd842a667976467e0d70
  Parameters: {"action"=>"savepsw", "controller"=>"settings", "password"=>"[FILTERED]", "password_again"=>"[FILTERED]"}
  [4;35;1mSQL (0.000000)[0m   [0mBEGIN[0m
  [4;36;1mCGI::Session::ActiveRecordStore::Session Update (0.000000)[0m   [0;1mUPDATE `sessions` SET `data` = 'BAh7CjoOcmV0dXJuX3RvMDoQeW91cl9zY2hvb2xpAt4BOhFnZW9fbG9jYXRp\nb24wIgpmbGFzaElDOidBY3Rpb25Db250cm9sbGVyOjpGbGFzaDo6Rmxhc2hI\nYXNoewAGOgpAdXNlZHsAOgx1c2VyX2lkaQo=\n', `updated_at` = '2010-04-04 22:40:02' WHERE `id` = 25[0m
  [4;35;1mSQL (0.031000)[0m   [0mCOMMIT[0m
  [4;36;1mSQL (0.000000)[0m   [0;1mBEGIN[0m
  [4;35;1mCGI::Session::ActiveRecordStore::Session Update (0.000000)[0m   [0mUPDATE `sessions` SET `last_url_visited` = 'http://localhost:3000/settings/savepsw?password=123&password_again=123', `updated_at` = '2010-04-04 22:40:02' WHERE `id` = 25[0m
  [4;36;1mSQL (0.031000)[0m   [0;1mCOMMIT[0m
  [4;35;1mUser Columns (0.000000)[0m   [0mSHOW FIELDS FROM `users`[0m
  [4;36;1mUser Load (0.015000)[0m   [0;1mSELECT SQL_NO_CACHE * FROM `users` WHERE (`users`.`id` = 5) LIMIT 1[0m
Rendering template within layouts/application
Rendering settings/savepsw


ActionView::MissingTemplate (Missing template settings/savepsw.html.erb in view path E:/usr/src/ruby-space/rails_apps/afterclassroom/app/views:E:/usr/src/ruby-space/rails_apps/afterclassroom/vendor/plugins/query_reviewer/lib/query_reviewer/views):
    /vendor/rails/actionpack/lib/action_view/template.rb:85:in `raise_missing_template_exception'
    /vendor/rails/actionpack/lib/action_view/template.rb:78:in `set_extension_and_file_name'
    /vendor/rails/actionpack/lib/action_view/template.rb:15:in `initialize'
    /vendor/rails/actionpack/lib/action_view/base.rb:248:in `new'
    /vendor/rails/actionpack/lib/action_view/base.rb:248:in `render_file'
    /vendor/rails/actionpack/lib/action_controller/base.rb:1112:in `render_for_file'
    /vendor/rails/actionpack/lib/action_controller/base.rb:845:in `render_with_no_layout'
    /vendor/rails/actionpack/lib/action_controller/layout.rb:251:in `render_without_benchmark'
    /vendor/rails/actionpack/lib/action_controller/benchmarking.rb:51:in `render_without_juggernaut'
    /vendor/rails/activesupport/lib/active_support/core_ext/benchmark.rb:8:in `realtime'
    /vendor/rails/actionpack/lib/action_controller/benchmarking.rb:51:in `render_without_juggernaut'
    /vendor/plugins/juggernaut/lib/juggernaut.rb:151:in `render'
    /vendor/rails/actionpack/lib/action_controller/base.rb:1161:in `default_render'
    /vendor/rails/actionpack/lib/action_controller/base.rb:1167:in `perform_action_without_filters'
    /vendor/rails/actionpack/lib/action_controller/filters.rb:579:in `call_filters'
    /vendor/rails/actionpack/lib/action_controller/filters.rb:572:in `perform_action_without_benchmark'
    /vendor/rails/actionpack/lib/action_controller/benchmarking.rb:68:in `perform_action_without_rescue'
    E:/usr/src/ruby-space/ruby/lib/ruby/1.8/benchmark.rb:293:in `measure'
    /vendor/rails/actionpack/lib/action_controller/benchmarking.rb:68:in `perform_action_without_rescue'
    /vendor/rails/actionpack/lib/action_controller/rescue.rb:201:in `perform_action_without_caching'
    /vendor/rails/actionpack/lib/action_controller/caching/sql_cache.rb:13:in `perform_action_without_newrelic_trace'
    /vendor/rails/activerecord/lib/active_record/connection_adapters/abstract/query_cache.rb:33:in `cache'
    /vendor/rails/activerecord/lib/active_record/query_cache.rb:8:in `cache'
    /vendor/rails/actionpack/lib/action_controller/caching/sql_cache.rb:12:in `perform_action_without_newrelic_trace'
    /vendor/plugins/newrelic_rpm/lib/new_relic/agent/instrumentation/controller_instrumentation.rb:255:in `perform_action_without_query_review'
    /vendor/plugins/newrelic_rpm/lib/new_relic/agent/method_tracer.rb:141:in `trace_execution_scoped'
    /vendor/plugins/newrelic_rpm/lib/new_relic/agent/instrumentation/controller_instrumentation.rb:248:in `perform_action_without_query_review'
    /vendor/plugins/query_reviewer/lib/query_reviewer/controller_extensions.rb:49:in `perform_action'
    /vendor/rails/actionpack/lib/action_controller/base.rb:529:in `send'
    /vendor/rails/actionpack/lib/action_controller/base.rb:529:in `process_without_filters'
    /vendor/rails/actionpack/lib/action_controller/filters.rb:568:in `process_without_session_management_support'
    /vendor/rails/actionpack/lib/action_controller/session_management.rb:130:in `process_without_query_review'
    /vendor/plugins/query_reviewer/lib/query_reviewer/controller_extensions.rb:57:in `process'
    /vendor/rails/actionpack/lib/action_controller/base.rb:389:in `process'
    /vendor/rails/actionpack/lib/action_controller/dispatcher.rb:149:in `handle_request'
    /vendor/rails/actionpack/lib/action_controller/dispatcher.rb:107:in `dispatch'
    /vendor/rails/actionpack/lib/action_controller/dispatcher.rb:104:in `synchronize'
    /vendor/rails/actionpack/lib/action_controller/dispatcher.rb:104:in `dispatch'
    /vendor/rails/actionpack/lib/action_controller/dispatcher.rb:120:in `dispatch_cgi'
    /vendor/rails/actionpack/lib/action_controller/dispatcher.rb:35:in `dispatch'
    E:/usr/src/ruby-space/ruby/lib/ruby/gems/1.8/gems/mongrel-1.1.5-x86-mswin32-60/bin/../lib/mongrel/rails.rb:76:in `process'
    E:/usr/src/ruby-space/ruby/lib/ruby/gems/1.8/gems/mongrel-1.1.5-x86-mswin32-60/bin/../lib/mongrel/rails.rb:74:in `synchronize'
    E:/usr/src/ruby-space/ruby/lib/ruby/gems/1.8/gems/mongrel-1.1.5-x86-mswin32-60/bin/../lib/mongrel/rails.rb:74:in `process'
    E:/usr/src/ruby-space/ruby/lib/ruby/gems/1.8/gems/mongrel-1.1.5-x86-mswin32-60/lib/mongrel.rb:159:in `process_client'
    E:/usr/src/ruby-space/ruby/lib/ruby/gems/1.8/gems/mongrel-1.1.5-x86-mswin32-60/lib/mongrel.rb:158:in `each'
    E:/usr/src/ruby-space/ruby/lib/ruby/gems/1.8/gems/mongrel-1.1.5-x86-mswin32-60/lib/mongrel.rb:158:in `process_client'
    E:/usr/src/ruby-space/ruby/lib/ruby/gems/1.8/gems/mongrel-1.1.5-x86-mswin32-60/lib/mongrel.rb:285:in `run'
    E:/usr/src/ruby-space/ruby/lib/ruby/gems/1.8/gems/mongrel-1.1.5-x86-mswin32-60/lib/mongrel.rb:285:in `initialize'
    E:/usr/src/ruby-space/ruby/lib/ruby/gems/1.8/gems/mongrel-1.1.5-x86-mswin32-60/lib/mongrel.rb:285:in `new'
    E:/usr/src/ruby-space/ruby/lib/ruby/gems/1.8/gems/mongrel-1.1.5-x86-mswin32-60/lib/mongrel.rb:285:in `run'
    E:/usr/src/ruby-space/ruby/lib/ruby/gems/1.8/gems/mongrel-1.1.5-x86-mswin32-60/lib/mongrel.rb:268:in `initialize'
    E:/usr/src/ruby-space/ruby/lib/ruby/gems/1.8/gems/mongrel-1.1.5-x86-mswin32-60/lib/mongrel.rb:268:in `new'
    E:/usr/src/ruby-space/ruby/lib/ruby/gems/1.8/gems/mongrel-1.1.5-x86-mswin32-60/lib/mongrel.rb:268:in `run'
    E:/usr/src/ruby-space/ruby/lib/ruby/gems/1.8/gems/mongrel-1.1.5-x86-mswin32-60/lib/mongrel/configurator.rb:282:in `run'
    E:/usr/src/ruby-space/ruby/lib/ruby/gems/1.8/gems/mongrel-1.1.5-x86-mswin32-60/lib/mongrel/configurator.rb:281:in `each'
    E:/usr/src/ruby-space/ruby/lib/ruby/gems/1.8/gems/mongrel-1.1.5-x86-mswin32-60/lib/mongrel/configurator.rb:281:in `run'
    E:/usr/src/ruby-space/ruby/lib/ruby/gems/1.8/gems/mongrel-1.1.5-x86-mswin32-60/bin/mongrel_rails:128:in `run'
    E:/usr/src/ruby-space/ruby/lib/ruby/gems/1.8/gems/mongrel-1.1.5-x86-mswin32-60/lib/mongrel/command.rb:212:in `run'
    E:/usr/src/ruby-space/ruby/lib/ruby/gems/1.8/gems/mongrel-1.1.5-x86-mswin32-60/bin/mongrel_rails:281
    /vendor/rails/activesupport/lib/active_support/dependencies.rb:503:in `load'
    /vendor/rails/activesupport/lib/active_support/dependencies.rb:503:in `load'
    /vendor/rails/activesupport/lib/active_support/dependencies.rb:355:in `new_constants_in'
    /vendor/rails/activesupport/lib/active_support/dependencies.rb:503:in `load'
    /vendor/rails/railties/lib/commands/servers/mongrel.rb:64
    E:/usr/src/ruby-space/ruby/lib/ruby/site_ruby/1.8/rubygems/custom_require.rb:31:in `gem_original_require'
    E:/usr/src/ruby-space/ruby/lib/ruby/site_ruby/1.8/rubygems/custom_require.rb:31:in `require'
    /vendor/rails/activesupport/lib/active_support/dependencies.rb:510:in `require'
    /vendor/rails/activesupport/lib/active_support/dependencies.rb:355:in `new_constants_in'
    /vendor/rails/activesupport/lib/active_support/dependencies.rb:510:in `require'
    /vendor/rails/railties/lib/commands/server.rb:39
    script/server:3:in `require'
    script/server:3

Rendering E:/usr/src/ruby-space/rails_apps/afterclassroom/vendor/rails/actionpack/lib/action_controller/templates/rescues/layout.erb (internal_server_error)
Rendered _box_includes (0.00000)
Rendered _box_header (0.00000)
Rendered _box_disabled (0.00000)
Rendered _box (0.00000)


Processing SettingsController#index (for 127.0.0.1 at 2010-04-05 05:40:27) [GET]
  Session ID: 499830a6bba5cd842a667976467e0d70
  Parameters: {"action"=>"index", "controller"=>"settings"}
  [4;35;1mSQL (0.000000)[0m   [0mBEGIN[0m
  [4;36;1mCGI::Session::ActiveRecordStore::Session Update (0.000000)[0m   [0;1mUPDATE `sessions` SET `data` = 'BAh7CjoOcmV0dXJuX3RvMDoQeW91cl9zY2hvb2xpAt4BOhFnZW9fbG9jYXRp\nb24wOgx1c2VyX2lkaQoiCmZsYXNoSUM6J0FjdGlvbkNvbnRyb2xsZXI6OkZs\nYXNoOjpGbGFzaEhhc2h7AAY6CkB1c2VkewA=\n', `updated_at` = '2010-04-04 22:40:29' WHERE `id` = 25[0m
  [4;35;1mSQL (0.047000)[0m   [0mCOMMIT[0m
  [4;36;1mSQL (0.000000)[0m   [0;1mBEGIN[0m
  [4;35;1mCGI::Session::ActiveRecordStore::Session Update (0.000000)[0m   [0mUPDATE `sessions` SET `last_url_visited` = 'http://localhost:3000/settings', `updated_at` = '2010-04-04 22:40:29' WHERE `id` = 25[0m
  [4;36;1mSQL (0.031000)[0m   [0;1mCOMMIT[0m
  [4;35;1mUser Columns (0.000000)[0m   [0mSHOW FIELDS FROM `users`[0m
  [4;36;1mUser Load (0.000000)[0m   [0;1mSELECT SQL_NO_CACHE * FROM `users` WHERE (`users`.`id` = 5) LIMIT 1[0m
Redirected to http://localhost:3000/settings/setting
Completed in 1.54400 (0 reqs/sec) | DB: 0.07800 (5%) | 302 Found [http://localhost/settings]
Rendered _box_includes (0.00000)
Rendered _box_header (0.00000)
Rendered _box_disabled (0.00000)
Rendered _box (0.00000)


Processing SettingsController#setting (for 127.0.0.1 at 2010-04-05 05:40:30) [GET]
  Session ID: 499830a6bba5cd842a667976467e0d70
  Parameters: {"action"=>"setting", "controller"=>"settings"}
  [4;35;1mSQL (0.000000)[0m   [0mBEGIN[0m
  [4;36;1mCGI::Session::ActiveRecordStore::Session Update (0.000000)[0m   [0;1mUPDATE `sessions` SET `data` = 'BAh7CjoOcmV0dXJuX3RvMDoQeW91cl9zY2hvb2xpAt4BOhFnZW9fbG9jYXRp\nb24wIgpmbGFzaElDOidBY3Rpb25Db250cm9sbGVyOjpGbGFzaDo6Rmxhc2hI\nYXNoewAGOgpAdXNlZHsAOgx1c2VyX2lkaQo=\n', `updated_at` = '2010-04-04 22:40:31' WHERE `id` = 25[0m
  [4;35;1mSQL (0.031000)[0m   [0mCOMMIT[0m
  [4;36;1mSQL (0.000000)[0m   [0;1mBEGIN[0m
  [4;35;1mCGI::Session::ActiveRecordStore::Session Update (0.000000)[0m   [0mUPDATE `sessions` SET `last_url_visited` = 'http://localhost:3000/settings/setting', `updated_at` = '2010-04-04 22:40:31' WHERE `id` = 25[0m
  [4;36;1mSQL (0.047000)[0m   [0;1mCOMMIT[0m
  [4;35;1mUser Columns (0.015000)[0m   [0mSHOW FIELDS FROM `users`[0m
  [4;36;1mUser Load (0.000000)[0m   [0;1mSELECT SQL_NO_CACHE * FROM `users` WHERE (`users`.`id` = 5) LIMIT 1[0m
Rendering template within layouts/application
Rendering settings/setting
Rendered shared/_login (0.00000)
Rendered shared/_menu_main (0.00000)
  [4;35;1mPostCategory Columns (0.000000)[0m   [0mSHOW FIELDS FROM `post_categories`[0m
  [4;36;1mPostCategory Load (0.000000)[0m   [0;1mSELECT SQL_NO_CACHE * FROM `post_categories` WHERE (`post_categories`.`class_name` = 'PostAssignment') LIMIT 1[0m
  [4;35;1mPostCategory Load (0.000000)[0m   [0mSELECT SQL_NO_CACHE * FROM `post_categories` [0m
Rendered shared/_search_posts (0.01500)
Rendered shared/_footer (0.00000)
Completed in 0.88900 (1 reqs/sec) | Rendering: 0.18700 (21%) | DB: 0.10800 (12%) | 200 OK [http://localhost/settings/setting]
Rendered _box_includes (0.00000)
Rendered _box_header (0.00000)
Rendered _box_disabled (0.00000)
Rendered _box (0.00000)


Processing SettingsController#changepsw (for 127.0.0.1 at 2010-04-05 05:41:02) [GET]
  Session ID: 499830a6bba5cd842a667976467e0d70
  Parameters: {"typeOfChange"=>"psw", "action"=>"changepsw", "controller"=>"settings", "height"=>"300", "random"=>"1270420860726", "width"=>"400"}
  [4;36;1mSQL (0.000000)[0m   [0;1mBEGIN[0m
  [4;35;1mCGI::Session::ActiveRecordStore::Session Update (0.000000)[0m   [0mUPDATE `sessions` SET `data` = 'BAh7CjoOcmV0dXJuX3RvMDoQeW91cl9zY2hvb2xpAt4BOhFnZW9fbG9jYXRp\nb24wOgx1c2VyX2lkaQoiCmZsYXNoSUM6J0FjdGlvbkNvbnRyb2xsZXI6OkZs\nYXNoOjpGbGFzaEhhc2h7AAY6CkB1c2VkewA=\n', `updated_at` = '2010-04-04 22:41:02' WHERE `id` = 25[0m
  [4;36;1mSQL (0.032000)[0m   [0;1mCOMMIT[0m
  [4;35;1mSQL (0.000000)[0m   [0mBEGIN[0m
  [4;36;1mCGI::Session::ActiveRecordStore::Session Update (0.000000)[0m   [0;1mUPDATE `sessions` SET `last_url_visited` = 'http://localhost:3000/settings/changepsw?height=300&width=400&typeOfChange=psw&random=1270420860726', `updated_at` = '2010-04-04 22:41:02' WHERE `id` = 25[0m
  [4;35;1mSQL (0.063000)[0m   [0mCOMMIT[0m
  [4;36;1mUser Columns (0.000000)[0m   [0;1mSHOW FIELDS FROM `users`[0m
  [4;35;1mUser Load (0.000000)[0m   [0mSELECT SQL_NO_CACHE * FROM `users` WHERE (`users`.`id` = 5) LIMIT 1[0m
Rendering settings/changepsw
Completed in 0.79500 (1 reqs/sec) | Rendering: 0.00000 (0%) | DB: 0.11100 (13%) | 200 OK [http://localhost/settings/changepsw?height=300&width=400&typeOfChange=psw&random=1270420860726]


Processing SettingsController#savepsw (for 127.0.0.1 at 2010-04-05 05:41:17) [GET]
  Session ID: 499830a6bba5cd842a667976467e0d70
  Parameters: {"action"=>"savepsw", "controller"=>"settings", "password"=>"[FILTERED]", "password_again"=>"[FILTERED]"}
  [4;36;1mSQL (0.000000)[0m   [0;1mBEGIN[0m
  [4;35;1mCGI::Session::ActiveRecordStore::Session Update (0.000000)[0m   [0mUPDATE `sessions` SET `data` = 'BAh7CjoOcmV0dXJuX3RvMDoQeW91cl9zY2hvb2xpAt4BOhFnZW9fbG9jYXRp\nb24wIgpmbGFzaElDOidBY3Rpb25Db250cm9sbGVyOjpGbGFzaDo6Rmxhc2hI\nYXNoewAGOgpAdXNlZHsAOgx1c2VyX2lkaQo=\n', `updated_at` = '2010-04-04 22:41:18' WHERE `id` = 25[0m
  [4;36;1mSQL (0.031000)[0m   [0;1mCOMMIT[0m
  [4;35;1mSQL (0.000000)[0m   [0mBEGIN[0m
  [4;36;1mCGI::Session::ActiveRecordStore::Session Update (0.000000)[0m   [0;1mUPDATE `sessions` SET `last_url_visited` = 'http://localhost:3000/settings/savepsw?password=123&password_again=123', `updated_at` = '2010-04-04 22:41:18' WHERE `id` = 25[0m
  [4;35;1mSQL (0.016000)[0m   [0mCOMMIT[0m
  [4;36;1mUser Columns (0.000000)[0m   [0;1mSHOW FIELDS FROM `users`[0m
  [4;35;1mUser Load (0.000000)[0m   [0mSELECT SQL_NO_CACHE * FROM `users` WHERE (`users`.`id` = 5) LIMIT 1[0m
Redirected to http://localhost:3000/settings/setting
Completed in 0.70200 (1 reqs/sec) | DB: 0.04700 (6%) | 302 Found [http://localhost/settings/savepsw?password=123&password_again=123]
Rendered _box_includes (0.01600)
Rendered _box_header (0.00000)
Rendered _box_disabled (0.00000)
Rendered _box (0.01600)


Processing SettingsController#setting (for 127.0.0.1 at 2010-04-05 05:41:20) [GET]
  Session ID: 499830a6bba5cd842a667976467e0d70
  Parameters: {"action"=>"setting", "controller"=>"settings"}
  [4;36;1mSQL (0.000000)[0m   [0;1mBEGIN[0m
  [4;35;1mCGI::Session::ActiveRecordStore::Session Update (0.000000)[0m   [0mUPDATE `sessions` SET `data` = 'BAh7CjoOcmV0dXJuX3RvMDoQeW91cl9zY2hvb2xpAt4BOhFnZW9fbG9jYXRp\nb24wOgx1c2VyX2lkaQoiCmZsYXNoSUM6J0FjdGlvbkNvbnRyb2xsZXI6OkZs\nYXNoOjpGbGFzaEhhc2h7AAY6CkB1c2VkewA=\n', `updated_at` = '2010-04-04 22:41:20' WHERE `id` = 25[0m
  [4;36;1mSQL (0.031000)[0m   [0;1mCOMMIT[0m
  [4;35;1mSQL (0.000000)[0m   [0mBEGIN[0m
  [4;36;1mCGI::Session::ActiveRecordStore::Session Update (0.000000)[0m   [0;1mUPDATE `sessions` SET `last_url_visited` = 'http://localhost:3000/settings/setting', `updated_at` = '2010-04-04 22:41:20' WHERE `id` = 25[0m
  [4;35;1mSQL (0.031000)[0m   [0mCOMMIT[0m
  [4;36;1mUser Columns (0.015000)[0m   [0;1mSHOW FIELDS FROM `users`[0m
  [4;35;1mUser Load (0.000000)[0m   [0mSELECT SQL_NO_CACHE * FROM `users` WHERE (`users`.`id` = 5) LIMIT 1[0m
Rendering template within layouts/application
Rendering settings/setting
Rendered shared/_login (0.00000)
Rendered shared/_menu_main (0.01500)
  [4;36;1mPostCategory Columns (0.016000)[0m   [0;1mSHOW FIELDS FROM `post_categories`[0m
  [4;35;1mPostCategory Load (0.000000)[0m   [0mSELECT SQL_NO_CACHE * FROM `post_categories` WHERE (`post_categories`.`class_name` = 'PostAssignment') LIMIT 1[0m
  [4;36;1mPostCategory Load (0.000000)[0m   [0;1mSELECT SQL_NO_CACHE * FROM `post_categories` [0m
Rendered shared/_search_posts (0.00000)
Rendered shared/_footer (0.00000)
Completed in 0.78000 (1 reqs/sec) | Rendering: 0.06200 (7%) | DB: 0.09300 (11%) | 200 OK [http://localhost/settings/setting]
Rendered _box_includes (0.00000)
Rendered _box_header (0.00000)
Rendered _box_disabled (0.00000)
Rendered _box (0.00000)


Processing SettingsController#changepsw (for 127.0.0.1 at 2010-04-05 05:42:13) [GET]
  Session ID: 499830a6bba5cd842a667976467e0d70
  Parameters: {"typeOfChange"=>"psw", "action"=>"changepsw", "controller"=>"settings", "height"=>"300", "random"=>"1270420931717", "width"=>"400"}
  [4;35;1mSQL (0.000000)[0m   [0mBEGIN[0m
  [4;36;1mCGI::Session::ActiveRecordStore::Session Update (0.000000)[0m   [0;1mUPDATE `sessions` SET `data` = 'BAh7CjoOcmV0dXJuX3RvMDoQeW91cl9zY2hvb2xpAt4BOhFnZW9fbG9jYXRp\nb24wIgpmbGFzaElDOidBY3Rpb25Db250cm9sbGVyOjpGbGFzaDo6Rmxhc2hI\nYXNoewAGOgpAdXNlZHsAOgx1c2VyX2lkaQo=\n', `updated_at` = '2010-04-04 22:42:13' WHERE `id` = 25[0m
  [4;35;1mSQL (0.047000)[0m   [0mCOMMIT[0m
  [4;36;1mSQL (0.000000)[0m   [0;1mBEGIN[0m
  [4;35;1mCGI::Session::ActiveRecordStore::Session Update (0.000000)[0m   [0mUPDATE `sessions` SET `last_url_visited` = 'http://localhost:3000/settings/changepsw?height=300&width=400&typeOfChange=psw&random=1270420931717', `updated_at` = '2010-04-04 22:42:13' WHERE `id` = 25[0m
  [4;36;1mSQL (0.078000)[0m   [0;1mCOMMIT[0m
  [4;35;1mUser Columns (0.000000)[0m   [0mSHOW FIELDS FROM `users`[0m
  [4;36;1mUser Load (0.000000)[0m   [0;1mSELECT SQL_NO_CACHE * FROM `users` WHERE (`users`.`id` = 5) LIMIT 1[0m
Rendering settings/changepsw
Completed in 0.76500 (1 reqs/sec) | Rendering: 0.00000 (0%) | DB: 0.12500 (16%) | 200 OK [http://localhost/settings/changepsw?height=300&width=400&typeOfChange=psw&random=1270420931717]


Processing SettingsController#savepsw (for 127.0.0.1 at 2010-04-05 05:42:18) [GET]
  Session ID: 499830a6bba5cd842a667976467e0d70
  Parameters: {"action"=>"savepsw", "controller"=>"settings", "password"=>"[FILTERED]", "password_again"=>"[FILTERED]"}
  [4;35;1mSQL (0.000000)[0m   [0mBEGIN[0m
  [4;36;1mCGI::Session::ActiveRecordStore::Session Update (0.000000)[0m   [0;1mUPDATE `sessions` SET `data` = 'BAh7CjoOcmV0dXJuX3RvMDoQeW91cl9zY2hvb2xpAt4BOhFnZW9fbG9jYXRp\nb24wOgx1c2VyX2lkaQoiCmZsYXNoSUM6J0FjdGlvbkNvbnRyb2xsZXI6OkZs\nYXNoOjpGbGFzaEhhc2h7AAY6CkB1c2VkewA=\n', `updated_at` = '2010-04-04 22:42:19' WHERE `id` = 25[0m
  [4;35;1mSQL (0.031000)[0m   [0mCOMMIT[0m
  [4;36;1mSQL (0.000000)[0m   [0;1mBEGIN[0m
  [4;35;1mCGI::Session::ActiveRecordStore::Session Update (0.016000)[0m   [0mUPDATE `sessions` SET `last_url_visited` = 'http://localhost:3000/settings/savepsw?password=q&password_again=q', `updated_at` = '2010-04-04 22:42:19' WHERE `id` = 25[0m
  [4;36;1mSQL (0.031000)[0m   [0;1mCOMMIT[0m
  [4;35;1mUser Columns (0.016000)[0m   [0mSHOW FIELDS FROM `users`[0m
  [4;36;1mUser Load (0.000000)[0m   [0;1mSELECT SQL_NO_CACHE * FROM `users` WHERE (`users`.`id` = 5) LIMIT 1[0m
Redirected to http://localhost:3000/settings/setting?inf_msg=Updated+Successfully
Completed in 0.70200 (1 reqs/sec) | DB: 0.09400 (13%) | 302 Found [http://localhost/settings/savepsw?password=q&password_again=q]
Rendered _box_includes (0.00000)
Rendered _box_header (0.00000)
Rendered _box_disabled (0.00000)
Rendered _box (0.00000)


Processing SettingsController#setting (for 127.0.0.1 at 2010-04-05 05:42:21) [GET]
  Session ID: 499830a6bba5cd842a667976467e0d70
  Parameters: {"action"=>"setting", "controller"=>"settings", "inf_msg"=>"Updated Successfully"}
  [4;35;1mSQL (0.000000)[0m   [0mBEGIN[0m
  [4;36;1mCGI::Session::ActiveRecordStore::Session Update (0.015000)[0m   [0;1mUPDATE `sessions` SET `data` = 'BAh7CjoOcmV0dXJuX3RvMDoQeW91cl9zY2hvb2xpAt4BOhFnZW9fbG9jYXRp\nb24wIgpmbGFzaElDOidBY3Rpb25Db250cm9sbGVyOjpGbGFzaDo6Rmxhc2hI\nYXNoewAGOgpAdXNlZHsAOgx1c2VyX2lkaQo=\n', `updated_at` = '2010-04-04 22:42:21' WHERE `id` = 25[0m
  [4;35;1mSQL (0.047000)[0m   [0mCOMMIT[0m
  [4;36;1mSQL (0.000000)[0m   [0;1mBEGIN[0m
  [4;35;1mCGI::Session::ActiveRecordStore::Session Update (0.000000)[0m   [0mUPDATE `sessions` SET `last_url_visited` = 'http://localhost:3000/settings/setting?inf_msg=Updated+Successfully', `updated_at` = '2010-04-04 22:42:21' WHERE `id` = 25[0m
  [4;36;1mSQL (0.047000)[0m   [0;1mCOMMIT[0m
  [4;35;1mUser Columns (0.000000)[0m   [0mSHOW FIELDS FROM `users`[0m
  [4;36;1mUser Load (0.000000)[0m   [0;1mSELECT SQL_NO_CACHE * FROM `users` WHERE (`users`.`id` = 5) LIMIT 1[0m
Rendering template within layouts/application
Rendering settings/setting
Rendered shared/_login (0.00000)
Rendered shared/_menu_main (0.00000)
  [4;35;1mPostCategory Columns (0.000000)[0m   [0mSHOW FIELDS FROM `post_categories`[0m
  [4;36;1mPostCategory Load (0.000000)[0m   [0;1mSELECT SQL_NO_CACHE * FROM `post_categories` WHERE (`post_categories`.`class_name` = 'PostAssignment') LIMIT 1[0m
  [4;35;1mPostCategory Load (0.000000)[0m   [0mSELECT SQL_NO_CACHE * FROM `post_categories` [0m
Rendered shared/_search_posts (0.00000)
Rendered shared/_footer (0.00000)
Completed in 0.79600 (1 reqs/sec) | Rendering: 0.06200 (7%) | DB: 0.10900 (13%) | 200 OK [http://localhost/settings/setting?inf_msg=Updated+Successfully]
Rendered _box_includes (0.00000)
Rendered _box_header (0.00000)
Rendered _box_disabled (0.00000)
Rendered _box (0.00000)
